<?xml version="1.0" encoding="UTF-8"?>
<testsuite xmlns:xsi="http://www.w3.org/2001/XMLSchema-instance" xsi:noNamespaceSchemaLocation="https://maven.apache.org/surefire/maven-surefire-plugin/xsd/surefire-test-report-3.0.xsd" version="3.0" name="bmicalc.BMICalcTest" time="0.096" tests="35" errors="0" skipped="0" failures="0">
  <properties>
[...]
</properties>
  <testcase name="lowercaseMale" classname="bmicalc.BMICalcTest" time="0.026"/>
  <testcase name="normalLBoundCheck" classname="bmicalc.BMICalcTest" time="0.001"/>
  <testcase name="lowercaseFemale" classname="bmicalc.BMICalcTest" time="0.001"/>
  <testcase name="bmiZeroHeight" classname="bmicalc.BMICalcTest" time="0.009"/>
  <testcase name="boundaryF" classname="bmicalc.BMICalcTest" time="0"/>
  <testcase name="boundaryM" classname="bmicalc.BMICalcTest" time="0"/>
  <testcase name="underweightBoundCheck" classname="bmicalc.BMICalcTest" time="0.001"/>
  <testcase name="bmiZeroWeight" classname="bmicalc.BMICalcTest" time="0.001"/>
  <testcase name="abdObesityF" classname="bmicalc.BMICalcTest" time="0"/>
  <testcase name="abdObesityM" classname="bmicalc.BMICalcTest" time="0"/>
  <testcase name="normalUBoundCheck" classname="bmicalc.BMICalcTest" time="0"/>
  <testcase name="overweightLBoundCheck" classname="bmicalc.BMICalcTest" time="0.001"/>
  <testcase name="obeseBoundCheck" classname="bmicalc.BMICalcTest" time="0"/>
  <testcase name="normalCheck" classname="bmicalc.BMICalcTest" time="0.001"/>
  <testcase name="underweightCheck" classname="bmicalc.BMICalcTest" time="0"/>
  <testcase name="bmiNegativeHeight" classname="bmicalc.BMICalcTest" time="0.001"/>
  <testcase name="weightGreater" classname="bmicalc.BMICalcTest" time="0.002"/>
  <testcase name="heightGreater" classname="bmicalc.BMICalcTest" time="0.001"/>
  <testcase name="ZeroFemale" classname="bmicalc.BMICalcTest" time="0.001"/>
  <testcase name="noAbdObesityF" classname="bmicalc.BMICalcTest" time="0.001"/>
  <testcase name="noAbdObesityM" classname="bmicalc.BMICalcTest" time="0.001"/>
  <testcase name="negativeBmi" classname="bmicalc.BMICalcTest" time="0.001"/>
  <testcase name="bmiNegativeWeight" classname="bmicalc.BMICalcTest" time="0.001"/>
  <testcase name="overweightCheck" classname="bmicalc.BMICalcTest" time="0.001"/>
  <testcase name="negativeMale" classname="bmicalc.BMICalcTest" time="0.001"/>
  <testcase name="overweightUBoundCheck" classname="bmicalc.BMICalcTest" time="0"/>
  <testcase name="bmiBothCorrectBis" classname="bmicalc.BMICalcTest" time="0"/>
  <testcase name="ZeroMale" classname="bmicalc.BMICalcTest" time="0.001"/>
  <testcase name="invalidCharacter" classname="bmicalc.BMICalcTest" time="0"/>
  <testcase name="wcGreaterFemale" classname="bmicalc.BMICalcTest" time="0"/>
  <testcase name="OBESECheck" classname="bmicalc.BMICalcTest" time="0"/>
  <testcase name="ZeroBmi" classname="bmicalc.BMICalcTest" time="0.001"/>
  <testcase name="negativeFemale" classname="bmicalc.BMICalcTest" time="0"/>
  <testcase name="wcGreaterMale" classname="bmicalc.BMICalcTest" time="0"/>
  <testcase name="bmiBothCorrect" classname="bmicalc.BMICalcTest" time="0.001"/>
</testsuite>